File path ../../results/rna_seq//brain/alignment_SalmonTE/EXPR.csv contains double '/'. This is likely unintended. It can also lead to inconsistent results of the file-matching approach used by Snakemake.
File path ../../results/rna_seq//brain/alignment_SalmonTE/MAPPING_INFO.csv contains double '/'. This is likely unintended. It can also lead to inconsistent results of the file-matching approach used by Snakemake.
File path ../../results/rna_seq//brain/alignment_SalmonTE/EXPR.csv contains double '/'. This is likely unintended. It can also lead to inconsistent results of the file-matching approach used by Snakemake.
File path ../../results/rna_seq//brain/alignment_SalmonTE/EXPR.csv contains double '/'. This is likely unintended. It can also lead to inconsistent results of the file-matching approach used by Snakemake.
File path ../../results/rna_seq//brain/alignment_SalmonTE/no042-0_M_y_2_Brain_1 contains double '/'. This is likely unintended. It can also lead to inconsistent results of the file-matching approach used by Snakemake.
File path ../../results/rna_seq//brain/alignment_SalmonTE/no048-0_M_o_3_Brain_1 contains double '/'. This is likely unintended. It can also lead to inconsistent results of the file-matching approach used by Snakemake.
File path ../../results/rna_seq//brain/alignment_SalmonTE/no043-0_M_y_3_Brain_1 contains double '/'. This is likely unintended. It can also lead to inconsistent results of the file-matching approach used by Snakemake.
File path ../../results/rna_seq//brain/alignment_SalmonTE/no047-0_M_o_2_Brain_1 contains double '/'. This is likely unintended. It can also lead to inconsistent results of the file-matching approach used by Snakemake.
File path ../../results/rna_seq//brain/alignment_SalmonTE/no041-0_M_y_1_Brain_1 contains double '/'. This is likely unintended. It can also lead to inconsistent results of the file-matching approach used by Snakemake.
File path ../../results/rna_seq//brain/alignment_SalmonTE/no049-0_M_o_4_brain_1 contains double '/'. This is likely unintended. It can also lead to inconsistent results of the file-matching approach used by Snakemake.
File path ../../results/rna_seq//brain/alignment_SalmonTE/no045-0_M_y_5_brain_1 contains double '/'. This is likely unintended. It can also lead to inconsistent results of the file-matching approach used by Snakemake.
File path ../../results/rna_seq//brain/alignment_SalmonTE/no046-0_M_o_1_Brain_1 contains double '/'. This is likely unintended. It can also lead to inconsistent results of the file-matching approach used by Snakemake.
File path ../../results/rna_seq//brain/alignment_SalmonTE/no044-0_M_y_4_brain_1 contains double '/'. This is likely unintended. It can also lead to inconsistent results of the file-matching approach used by Snakemake.
File path ../../results/rna_seq//brain/alignment_SalmonTE/no050-0_M_o_5_brain_1 contains double '/'. This is likely unintended. It can also lead to inconsistent results of the file-matching approach used by Snakemake.
File path ../../results/rna_seq//brain/alignment_SalmonTE/EXPR.csv contains double '/'. This is likely unintended. It can also lead to inconsistent results of the file-matching approach used by Snakemake.
File path ../../results/rna_seq//brain/alignment_SalmonTE/MAPPING_INFO.csv contains double '/'. This is likely unintended. It can also lead to inconsistent results of the file-matching approach used by Snakemake.
File path ../../results/rna_seq//brain/alignment_SalmonTE/MAPPING_INFO.csv contains double '/'. This is likely unintended. It can also lead to inconsistent results of the file-matching approach used by Snakemake.
File path ../../results/rna_seq//brain/alignment_SalmonTE/no042-0_M_y_2_Brain_1 contains double '/'. This is likely unintended. It can also lead to inconsistent results of the file-matching approach used by Snakemake.
File path ../../results/rna_seq//brain/alignment_SalmonTE/no048-0_M_o_3_Brain_1 contains double '/'. This is likely unintended. It can also lead to inconsistent results of the file-matching approach used by Snakemake.
File path ../../results/rna_seq//brain/alignment_SalmonTE/no043-0_M_y_3_Brain_1 contains double '/'. This is likely unintended. It can also lead to inconsistent results of the file-matching approach used by Snakemake.
File path ../../results/rna_seq//brain/alignment_SalmonTE/no047-0_M_o_2_Brain_1 contains double '/'. This is likely unintended. It can also lead to inconsistent results of the file-matching approach used by Snakemake.
File path ../../results/rna_seq//brain/alignment_SalmonTE/no041-0_M_y_1_Brain_1 contains double '/'. This is likely unintended. It can also lead to inconsistent results of the file-matching approach used by Snakemake.
File path ../../results/rna_seq//brain/alignment_SalmonTE/no049-0_M_o_4_brain_1 contains double '/'. This is likely unintended. It can also lead to inconsistent results of the file-matching approach used by Snakemake.
File path ../../results/rna_seq//brain/alignment_SalmonTE/no045-0_M_y_5_brain_1 contains double '/'. This is likely unintended. It can also lead to inconsistent results of the file-matching approach used by Snakemake.
File path ../../results/rna_seq//brain/alignment_SalmonTE/no046-0_M_o_1_Brain_1 contains double '/'. This is likely unintended. It can also lead to inconsistent results of the file-matching approach used by Snakemake.
File path ../../results/rna_seq//brain/alignment_SalmonTE/no044-0_M_y_4_brain_1 contains double '/'. This is likely unintended. It can also lead to inconsistent results of the file-matching approach used by Snakemake.
File path ../../results/rna_seq//brain/alignment_SalmonTE/no050-0_M_o_5_brain_1 contains double '/'. This is likely unintended. It can also lead to inconsistent results of the file-matching approach used by Snakemake.
File path ../../results/rna_seq//brain/alignment_SalmonTE/MAPPING_INFO.csv contains double '/'. This is likely unintended. It can also lead to inconsistent results of the file-matching approach used by Snakemake.
File path ../../results/rna_seq//brain/alignment_SalmonTE/no044-0_M_y_4_brain_1 contains double '/'. This is likely unintended. It can also lead to inconsistent results of the file-matching approach used by Snakemake.
File path ../../results/rna_seq//brain/alignment_SalmonTE/no044-0_M_y_4_brain_1 contains double '/'. This is likely unintended. It can also lead to inconsistent results of the file-matching approach used by Snakemake.
File path ../../results/rna_seq//brain/alignment_SalmonTE/no048-0_M_o_3_Brain_1 contains double '/'. This is likely unintended. It can also lead to inconsistent results of the file-matching approach used by Snakemake.
File path ../../results/rna_seq//brain/alignment_SalmonTE/no048-0_M_o_3_Brain_1 contains double '/'. This is likely unintended. It can also lead to inconsistent results of the file-matching approach used by Snakemake.
File path ../../results/rna_seq//brain/alignment_SalmonTE/no047-0_M_o_2_Brain_1 contains double '/'. This is likely unintended. It can also lead to inconsistent results of the file-matching approach used by Snakemake.
File path ../../results/rna_seq//brain/alignment_SalmonTE/no047-0_M_o_2_Brain_1 contains double '/'. This is likely unintended. It can also lead to inconsistent results of the file-matching approach used by Snakemake.
File path ../../results/rna_seq//brain/alignment_SalmonTE/no042-0_M_y_2_Brain_1 contains double '/'. This is likely unintended. It can also lead to inconsistent results of the file-matching approach used by Snakemake.
File path ../../results/rna_seq//brain/alignment_SalmonTE/no042-0_M_y_2_Brain_1 contains double '/'. This is likely unintended. It can also lead to inconsistent results of the file-matching approach used by Snakemake.
File path ../../results/rna_seq//brain/alignment_SalmonTE/no049-0_M_o_4_brain_1 contains double '/'. This is likely unintended. It can also lead to inconsistent results of the file-matching approach used by Snakemake.
File path ../../results/rna_seq//brain/alignment_SalmonTE/no049-0_M_o_4_brain_1 contains double '/'. This is likely unintended. It can also lead to inconsistent results of the file-matching approach used by Snakemake.
File path ../../results/rna_seq//brain/alignment_SalmonTE/no041-0_M_y_1_Brain_1 contains double '/'. This is likely unintended. It can also lead to inconsistent results of the file-matching approach used by Snakemake.
File path ../../results/rna_seq//brain/alignment_SalmonTE/no041-0_M_y_1_Brain_1 contains double '/'. This is likely unintended. It can also lead to inconsistent results of the file-matching approach used by Snakemake.
File path ../../results/rna_seq//brain/alignment_SalmonTE/no043-0_M_y_3_Brain_1 contains double '/'. This is likely unintended. It can also lead to inconsistent results of the file-matching approach used by Snakemake.
File path ../../results/rna_seq//brain/alignment_SalmonTE/no043-0_M_y_3_Brain_1 contains double '/'. This is likely unintended. It can also lead to inconsistent results of the file-matching approach used by Snakemake.
File path ../../results/rna_seq//brain/alignment_SalmonTE/no045-0_M_y_5_brain_1 contains double '/'. This is likely unintended. It can also lead to inconsistent results of the file-matching approach used by Snakemake.
File path ../../results/rna_seq//brain/alignment_SalmonTE/no045-0_M_y_5_brain_1 contains double '/'. This is likely unintended. It can also lead to inconsistent results of the file-matching approach used by Snakemake.
File path ../../results/rna_seq//brain/alignment_SalmonTE/no046-0_M_o_1_Brain_1 contains double '/'. This is likely unintended. It can also lead to inconsistent results of the file-matching approach used by Snakemake.
File path ../../results/rna_seq//brain/alignment_SalmonTE/no046-0_M_o_1_Brain_1 contains double '/'. This is likely unintended. It can also lead to inconsistent results of the file-matching approach used by Snakemake.
File path ../../results/rna_seq//brain/alignment_SalmonTE/no050-0_M_o_5_brain_1 contains double '/'. This is likely unintended. It can also lead to inconsistent results of the file-matching approach used by Snakemake.
File path ../../results/rna_seq//brain/alignment_SalmonTE/no050-0_M_o_5_brain_1 contains double '/'. This is likely unintended. It can also lead to inconsistent results of the file-matching approach used by Snakemake.
Job counts:
	count	jobs
	1	all
	1	collect_abundance
	1	collect_mappability
	10	run_salmon_gz
	13
/misc/paras/data/rschwarz/programs/SalmonTE/salmon/linux/bin/salmon quant -q -i /misc/paras/data/rschwarz/programs/SalmonTE/reference/mm10.TE.transcriptome.v102 -l A -1 /data/tmp/tmpv3vya8f0/no050-0_M_o_5_brain_1_R1.fastq.gz -2 /data/tmp/tmpv3vya8f0/no050-0_M_o_5_brain_1_R2.fastq.gz -o ../../results/rna_seq//brain/alignment_SalmonTE/no050-0_M_o_5_brain_1 -p 56 2>/dev/null
/misc/paras/data/rschwarz/programs/SalmonTE/salmon/linux/bin/salmon quant -q -i /misc/paras/data/rschwarz/programs/SalmonTE/reference/mm10.TE.transcriptome.v102 -l A -1 /data/tmp/tmpv3vya8f0/no047-0_M_o_2_Brain_1_R1.fastq.gz -2 /data/tmp/tmpv3vya8f0/no047-0_M_o_2_Brain_1_R2.fastq.gz -o ../../results/rna_seq//brain/alignment_SalmonTE/no047-0_M_o_2_Brain_1 -p 56 2>/dev/null
/misc/paras/data/rschwarz/programs/SalmonTE/salmon/linux/bin/salmon quant -q -i /misc/paras/data/rschwarz/programs/SalmonTE/reference/mm10.TE.transcriptome.v102 -l A -1 /data/tmp/tmpv3vya8f0/no044-0_M_y_4_brain_1_R1.fastq.gz -2 /data/tmp/tmpv3vya8f0/no044-0_M_y_4_brain_1_R2.fastq.gz -o ../../results/rna_seq//brain/alignment_SalmonTE/no044-0_M_y_4_brain_1 -p 56 2>/dev/null
/misc/paras/data/rschwarz/programs/SalmonTE/salmon/linux/bin/salmon quant -q -i /misc/paras/data/rschwarz/programs/SalmonTE/reference/mm10.TE.transcriptome.v102 -l A -1 /data/tmp/tmpv3vya8f0/no048-0_M_o_3_Brain_1_R1.fastq.gz -2 /data/tmp/tmpv3vya8f0/no048-0_M_o_3_Brain_1_R2.fastq.gz -o ../../results/rna_seq//brain/alignment_SalmonTE/no048-0_M_o_3_Brain_1 -p 56 2>/dev/null
/misc/paras/data/rschwarz/programs/SalmonTE/salmon/linux/bin/salmon quant -q -i /misc/paras/data/rschwarz/programs/SalmonTE/reference/mm10.TE.transcriptome.v102 -l A -1 /data/tmp/tmpv3vya8f0/no046-0_M_o_1_Brain_1_R1.fastq.gz -2 /data/tmp/tmpv3vya8f0/no046-0_M_o_1_Brain_1_R2.fastq.gz -o ../../results/rna_seq//brain/alignment_SalmonTE/no046-0_M_o_1_Brain_1 -p 56 2>/dev/null
/misc/paras/data/rschwarz/programs/SalmonTE/salmon/linux/bin/salmon quant -q -i /misc/paras/data/rschwarz/programs/SalmonTE/reference/mm10.TE.transcriptome.v102 -l A -1 /data/tmp/tmpv3vya8f0/no043-0_M_y_3_Brain_1_R1.fastq.gz -2 /data/tmp/tmpv3vya8f0/no043-0_M_y_3_Brain_1_R2.fastq.gz -o ../../results/rna_seq//brain/alignment_SalmonTE/no043-0_M_y_3_Brain_1 -p 56 2>/dev/null
/misc/paras/data/rschwarz/programs/SalmonTE/salmon/linux/bin/salmon quant -q -i /misc/paras/data/rschwarz/programs/SalmonTE/reference/mm10.TE.transcriptome.v102 -l A -1 /data/tmp/tmpv3vya8f0/no045-0_M_y_5_brain_1_R1.fastq.gz -2 /data/tmp/tmpv3vya8f0/no045-0_M_y_5_brain_1_R2.fastq.gz -o ../../results/rna_seq//brain/alignment_SalmonTE/no045-0_M_y_5_brain_1 -p 56 2>/dev/null
/misc/paras/data/rschwarz/programs/SalmonTE/salmon/linux/bin/salmon quant -q -i /misc/paras/data/rschwarz/programs/SalmonTE/reference/mm10.TE.transcriptome.v102 -l A -1 /data/tmp/tmpv3vya8f0/no049-0_M_o_4_brain_1_R1.fastq.gz -2 /data/tmp/tmpv3vya8f0/no049-0_M_o_4_brain_1_R2.fastq.gz -o ../../results/rna_seq//brain/alignment_SalmonTE/no049-0_M_o_4_brain_1 -p 56 2>/dev/null
/misc/paras/data/rschwarz/programs/SalmonTE/salmon/linux/bin/salmon quant -q -i /misc/paras/data/rschwarz/programs/SalmonTE/reference/mm10.TE.transcriptome.v102 -l A -1 /data/tmp/tmpv3vya8f0/no042-0_M_y_2_Brain_1_R1.fastq.gz -2 /data/tmp/tmpv3vya8f0/no042-0_M_y_2_Brain_1_R2.fastq.gz -o ../../results/rna_seq//brain/alignment_SalmonTE/no042-0_M_y_2_Brain_1 -p 56 2>/dev/null
/misc/paras/data/rschwarz/programs/SalmonTE/salmon/linux/bin/salmon quant -q -i /misc/paras/data/rschwarz/programs/SalmonTE/reference/mm10.TE.transcriptome.v102 -l A -1 /data/tmp/tmpv3vya8f0/no041-0_M_y_1_Brain_1_R1.fastq.gz -2 /data/tmp/tmpv3vya8f0/no041-0_M_y_1_Brain_1_R2.fastq.gz -o ../../results/rna_seq//brain/alignment_SalmonTE/no041-0_M_y_1_Brain_1 -p 56 2>/dev/null
