File path ../../results/rna_seq//skinII/alignment_SalmonTE/EXPR.csv contains double '/'. This is likely unintended. It can also lead to inconsistent results of the file-matching approach used by Snakemake.
File path ../../results/rna_seq//skinII/alignment_SalmonTE/MAPPING_INFO.csv contains double '/'. This is likely unintended. It can also lead to inconsistent results of the file-matching approach used by Snakemake.
File path ../../results/rna_seq//skinII/alignment_SalmonTE/no098-0_MY4Skin contains double '/'. This is likely unintended. It can also lead to inconsistent results of the file-matching approach used by Snakemake.
File path ../../results/rna_seq//skinII/alignment_SalmonTE/no0102-0_MO3Skin contains double '/'. This is likely unintended. It can also lead to inconsistent results of the file-matching approach used by Snakemake.
File path ../../results/rna_seq//skinII/alignment_SalmonTE/no097-0_MY3Skin contains double '/'. This is likely unintended. It can also lead to inconsistent results of the file-matching approach used by Snakemake.
File path ../../results/rna_seq//skinII/alignment_SalmonTE/no099-0_MY5Skin contains double '/'. This is likely unintended. It can also lead to inconsistent results of the file-matching approach used by Snakemake.
File path ../../results/rna_seq//skinII/alignment_SalmonTE/no096-0_MY2Skin contains double '/'. This is likely unintended. It can also lead to inconsistent results of the file-matching approach used by Snakemake.
File path ../../results/rna_seq//skinII/alignment_SalmonTE/no0103-0_MO4Skin contains double '/'. This is likely unintended. It can also lead to inconsistent results of the file-matching approach used by Snakemake.
File path ../../results/rna_seq//skinII/alignment_SalmonTE/no0100-0_MO1Skin contains double '/'. This is likely unintended. It can also lead to inconsistent results of the file-matching approach used by Snakemake.
File path ../../results/rna_seq//skinII/alignment_SalmonTE/no095-0_MY1Skin contains double '/'. This is likely unintended. It can also lead to inconsistent results of the file-matching approach used by Snakemake.
File path ../../results/rna_seq//skinII/alignment_SalmonTE/no0104-0_MO5Skin contains double '/'. This is likely unintended. It can also lead to inconsistent results of the file-matching approach used by Snakemake.
File path ../../results/rna_seq//skinII/alignment_SalmonTE/no0101-0_MO2Skin contains double '/'. This is likely unintended. It can also lead to inconsistent results of the file-matching approach used by Snakemake.
File path ../../results/rna_seq//skinII/alignment_SalmonTE/MAPPING_INFO.csv contains double '/'. This is likely unintended. It can also lead to inconsistent results of the file-matching approach used by Snakemake.
File path ../../results/rna_seq//skinII/alignment_SalmonTE/MAPPING_INFO.csv contains double '/'. This is likely unintended. It can also lead to inconsistent results of the file-matching approach used by Snakemake.
File path ../../results/rna_seq//skinII/alignment_SalmonTE/MAPPING_INFO.csv contains double '/'. This is likely unintended. It can also lead to inconsistent results of the file-matching approach used by Snakemake.
File path ../../results/rna_seq//skinII/alignment_SalmonTE/EXPR.csv contains double '/'. This is likely unintended. It can also lead to inconsistent results of the file-matching approach used by Snakemake.
File path ../../results/rna_seq//skinII/alignment_SalmonTE/EXPR.csv contains double '/'. This is likely unintended. It can also lead to inconsistent results of the file-matching approach used by Snakemake.
File path ../../results/rna_seq//skinII/alignment_SalmonTE/no098-0_MY4Skin contains double '/'. This is likely unintended. It can also lead to inconsistent results of the file-matching approach used by Snakemake.
File path ../../results/rna_seq//skinII/alignment_SalmonTE/no0102-0_MO3Skin contains double '/'. This is likely unintended. It can also lead to inconsistent results of the file-matching approach used by Snakemake.
File path ../../results/rna_seq//skinII/alignment_SalmonTE/no097-0_MY3Skin contains double '/'. This is likely unintended. It can also lead to inconsistent results of the file-matching approach used by Snakemake.
File path ../../results/rna_seq//skinII/alignment_SalmonTE/no099-0_MY5Skin contains double '/'. This is likely unintended. It can also lead to inconsistent results of the file-matching approach used by Snakemake.
File path ../../results/rna_seq//skinII/alignment_SalmonTE/no096-0_MY2Skin contains double '/'. This is likely unintended. It can also lead to inconsistent results of the file-matching approach used by Snakemake.
File path ../../results/rna_seq//skinII/alignment_SalmonTE/no0103-0_MO4Skin contains double '/'. This is likely unintended. It can also lead to inconsistent results of the file-matching approach used by Snakemake.
File path ../../results/rna_seq//skinII/alignment_SalmonTE/no0100-0_MO1Skin contains double '/'. This is likely unintended. It can also lead to inconsistent results of the file-matching approach used by Snakemake.
File path ../../results/rna_seq//skinII/alignment_SalmonTE/no095-0_MY1Skin contains double '/'. This is likely unintended. It can also lead to inconsistent results of the file-matching approach used by Snakemake.
File path ../../results/rna_seq//skinII/alignment_SalmonTE/no0104-0_MO5Skin contains double '/'. This is likely unintended. It can also lead to inconsistent results of the file-matching approach used by Snakemake.
File path ../../results/rna_seq//skinII/alignment_SalmonTE/no0101-0_MO2Skin contains double '/'. This is likely unintended. It can also lead to inconsistent results of the file-matching approach used by Snakemake.
File path ../../results/rna_seq//skinII/alignment_SalmonTE/EXPR.csv contains double '/'. This is likely unintended. It can also lead to inconsistent results of the file-matching approach used by Snakemake.
File path ../../results/rna_seq//skinII/alignment_SalmonTE/no095-0_MY1Skin contains double '/'. This is likely unintended. It can also lead to inconsistent results of the file-matching approach used by Snakemake.
File path ../../results/rna_seq//skinII/alignment_SalmonTE/no095-0_MY1Skin contains double '/'. This is likely unintended. It can also lead to inconsistent results of the file-matching approach used by Snakemake.
File path ../../results/rna_seq//skinII/alignment_SalmonTE/no0103-0_MO4Skin contains double '/'. This is likely unintended. It can also lead to inconsistent results of the file-matching approach used by Snakemake.
File path ../../results/rna_seq//skinII/alignment_SalmonTE/no0103-0_MO4Skin contains double '/'. This is likely unintended. It can also lead to inconsistent results of the file-matching approach used by Snakemake.
File path ../../results/rna_seq//skinII/alignment_SalmonTE/no0104-0_MO5Skin contains double '/'. This is likely unintended. It can also lead to inconsistent results of the file-matching approach used by Snakemake.
File path ../../results/rna_seq//skinII/alignment_SalmonTE/no0104-0_MO5Skin contains double '/'. This is likely unintended. It can also lead to inconsistent results of the file-matching approach used by Snakemake.
File path ../../results/rna_seq//skinII/alignment_SalmonTE/no0102-0_MO3Skin contains double '/'. This is likely unintended. It can also lead to inconsistent results of the file-matching approach used by Snakemake.
File path ../../results/rna_seq//skinII/alignment_SalmonTE/no0102-0_MO3Skin contains double '/'. This is likely unintended. It can also lead to inconsistent results of the file-matching approach used by Snakemake.
File path ../../results/rna_seq//skinII/alignment_SalmonTE/no099-0_MY5Skin contains double '/'. This is likely unintended. It can also lead to inconsistent results of the file-matching approach used by Snakemake.
File path ../../results/rna_seq//skinII/alignment_SalmonTE/no099-0_MY5Skin contains double '/'. This is likely unintended. It can also lead to inconsistent results of the file-matching approach used by Snakemake.
File path ../../results/rna_seq//skinII/alignment_SalmonTE/no096-0_MY2Skin contains double '/'. This is likely unintended. It can also lead to inconsistent results of the file-matching approach used by Snakemake.
File path ../../results/rna_seq//skinII/alignment_SalmonTE/no096-0_MY2Skin contains double '/'. This is likely unintended. It can also lead to inconsistent results of the file-matching approach used by Snakemake.
File path ../../results/rna_seq//skinII/alignment_SalmonTE/no0100-0_MO1Skin contains double '/'. This is likely unintended. It can also lead to inconsistent results of the file-matching approach used by Snakemake.
File path ../../results/rna_seq//skinII/alignment_SalmonTE/no0100-0_MO1Skin contains double '/'. This is likely unintended. It can also lead to inconsistent results of the file-matching approach used by Snakemake.
File path ../../results/rna_seq//skinII/alignment_SalmonTE/no098-0_MY4Skin contains double '/'. This is likely unintended. It can also lead to inconsistent results of the file-matching approach used by Snakemake.
File path ../../results/rna_seq//skinII/alignment_SalmonTE/no098-0_MY4Skin contains double '/'. This is likely unintended. It can also lead to inconsistent results of the file-matching approach used by Snakemake.
File path ../../results/rna_seq//skinII/alignment_SalmonTE/no0101-0_MO2Skin contains double '/'. This is likely unintended. It can also lead to inconsistent results of the file-matching approach used by Snakemake.
File path ../../results/rna_seq//skinII/alignment_SalmonTE/no0101-0_MO2Skin contains double '/'. This is likely unintended. It can also lead to inconsistent results of the file-matching approach used by Snakemake.
File path ../../results/rna_seq//skinII/alignment_SalmonTE/no097-0_MY3Skin contains double '/'. This is likely unintended. It can also lead to inconsistent results of the file-matching approach used by Snakemake.
File path ../../results/rna_seq//skinII/alignment_SalmonTE/no097-0_MY3Skin contains double '/'. This is likely unintended. It can also lead to inconsistent results of the file-matching approach used by Snakemake.
Job counts:
	count	jobs
	1	all
	1	collect_abundance
	1	collect_mappability
	10	run_salmon_gz
	13
/misc/paras/data/rschwarz/programs/SalmonTE/salmon/linux/bin/salmon quant -q -i /misc/paras/data/rschwarz/programs/SalmonTE/reference/mm10.TE.transcriptome.v102 -l A -1 /data/tmp/tmp5carmiwr/no096-0_MY2Skin_R1.fastq.gz -2 /data/tmp/tmp5carmiwr/no096-0_MY2Skin_R2.fastq.gz -o ../../results/rna_seq//skinII/alignment_SalmonTE/no096-0_MY2Skin -p 56 2>/dev/null
/misc/paras/data/rschwarz/programs/SalmonTE/salmon/linux/bin/salmon quant -q -i /misc/paras/data/rschwarz/programs/SalmonTE/reference/mm10.TE.transcriptome.v102 -l A -1 /data/tmp/tmp5carmiwr/no0100-0_MO1Skin_R1.fastq.gz -2 /data/tmp/tmp5carmiwr/no0100-0_MO1Skin_R2.fastq.gz -o ../../results/rna_seq//skinII/alignment_SalmonTE/no0100-0_MO1Skin -p 56 2>/dev/null
/misc/paras/data/rschwarz/programs/SalmonTE/salmon/linux/bin/salmon quant -q -i /misc/paras/data/rschwarz/programs/SalmonTE/reference/mm10.TE.transcriptome.v102 -l A -1 /data/tmp/tmp5carmiwr/no098-0_MY4Skin_R1.fastq.gz -2 /data/tmp/tmp5carmiwr/no098-0_MY4Skin_R2.fastq.gz -o ../../results/rna_seq//skinII/alignment_SalmonTE/no098-0_MY4Skin -p 56 2>/dev/null
/misc/paras/data/rschwarz/programs/SalmonTE/salmon/linux/bin/salmon quant -q -i /misc/paras/data/rschwarz/programs/SalmonTE/reference/mm10.TE.transcriptome.v102 -l A -1 /data/tmp/tmp5carmiwr/no0103-0_MO4Skin_R1.fastq.gz -2 /data/tmp/tmp5carmiwr/no0103-0_MO4Skin_R2.fastq.gz -o ../../results/rna_seq//skinII/alignment_SalmonTE/no0103-0_MO4Skin -p 56 2>/dev/null
/misc/paras/data/rschwarz/programs/SalmonTE/salmon/linux/bin/salmon quant -q -i /misc/paras/data/rschwarz/programs/SalmonTE/reference/mm10.TE.transcriptome.v102 -l A -1 /data/tmp/tmp5carmiwr/no095-0_MY1Skin_R1.fastq.gz -2 /data/tmp/tmp5carmiwr/no095-0_MY1Skin_R2.fastq.gz -o ../../results/rna_seq//skinII/alignment_SalmonTE/no095-0_MY1Skin -p 56 2>/dev/null
/misc/paras/data/rschwarz/programs/SalmonTE/salmon/linux/bin/salmon quant -q -i /misc/paras/data/rschwarz/programs/SalmonTE/reference/mm10.TE.transcriptome.v102 -l A -1 /data/tmp/tmp5carmiwr/no0102-0_MO3Skin_R1.fastq.gz -2 /data/tmp/tmp5carmiwr/no0102-0_MO3Skin_R2.fastq.gz -o ../../results/rna_seq//skinII/alignment_SalmonTE/no0102-0_MO3Skin -p 56 2>/dev/null
/misc/paras/data/rschwarz/programs/SalmonTE/salmon/linux/bin/salmon quant -q -i /misc/paras/data/rschwarz/programs/SalmonTE/reference/mm10.TE.transcriptome.v102 -l A -1 /data/tmp/tmp5carmiwr/no0104-0_MO5Skin_R1.fastq.gz -2 /data/tmp/tmp5carmiwr/no0104-0_MO5Skin_R2.fastq.gz -o ../../results/rna_seq//skinII/alignment_SalmonTE/no0104-0_MO5Skin -p 56 2>/dev/null
/misc/paras/data/rschwarz/programs/SalmonTE/salmon/linux/bin/salmon quant -q -i /misc/paras/data/rschwarz/programs/SalmonTE/reference/mm10.TE.transcriptome.v102 -l A -1 /data/tmp/tmp5carmiwr/no0101-0_MO2Skin_R1.fastq.gz -2 /data/tmp/tmp5carmiwr/no0101-0_MO2Skin_R2.fastq.gz -o ../../results/rna_seq//skinII/alignment_SalmonTE/no0101-0_MO2Skin -p 56 2>/dev/null
/misc/paras/data/rschwarz/programs/SalmonTE/salmon/linux/bin/salmon quant -q -i /misc/paras/data/rschwarz/programs/SalmonTE/reference/mm10.TE.transcriptome.v102 -l A -1 /data/tmp/tmp5carmiwr/no099-0_MY5Skin_R1.fastq.gz -2 /data/tmp/tmp5carmiwr/no099-0_MY5Skin_R2.fastq.gz -o ../../results/rna_seq//skinII/alignment_SalmonTE/no099-0_MY5Skin -p 56 2>/dev/null
/misc/paras/data/rschwarz/programs/SalmonTE/salmon/linux/bin/salmon quant -q -i /misc/paras/data/rschwarz/programs/SalmonTE/reference/mm10.TE.transcriptome.v102 -l A -1 /data/tmp/tmp5carmiwr/no097-0_MY3Skin_R1.fastq.gz -2 /data/tmp/tmp5carmiwr/no097-0_MY3Skin_R2.fastq.gz -o ../../results/rna_seq//skinII/alignment_SalmonTE/no097-0_MY3Skin -p 56 2>/dev/null
Exiting because a job execution failed. Look above for error message
