File path ../../results/rna_seq//blood/alignment_SalmonTE/EXPR.csv contains double '/'. This is likely unintended. It can also lead to inconsistent results of the file-matching approach used by Snakemake.
File path ../../results/rna_seq//blood/alignment_SalmonTE/MAPPING_INFO.csv contains double '/'. This is likely unintended. It can also lead to inconsistent results of the file-matching approach used by Snakemake.
File path ../../results/rna_seq//blood/alignment_SalmonTE/no035-0_M_y_5_blood_1 contains double '/'. This is likely unintended. It can also lead to inconsistent results of the file-matching approach used by Snakemake.
File path ../../results/rna_seq//blood/alignment_SalmonTE/no039-0_M_o_4_blood_1 contains double '/'. This is likely unintended. It can also lead to inconsistent results of the file-matching approach used by Snakemake.
File path ../../results/rna_seq//blood/alignment_SalmonTE/no036-0_M_o_1_blood_1 contains double '/'. This is likely unintended. It can also lead to inconsistent results of the file-matching approach used by Snakemake.
File path ../../results/rna_seq//blood/alignment_SalmonTE/no034-0_M_y_4_blood_1 contains double '/'. This is likely unintended. It can also lead to inconsistent results of the file-matching approach used by Snakemake.
File path ../../results/rna_seq//blood/alignment_SalmonTE/no033-0_M_y_3_blood_1 contains double '/'. This is likely unintended. It can also lead to inconsistent results of the file-matching approach used by Snakemake.
File path ../../results/rna_seq//blood/alignment_SalmonTE/no037-0_M_o_2_blood_1 contains double '/'. This is likely unintended. It can also lead to inconsistent results of the file-matching approach used by Snakemake.
File path ../../results/rna_seq//blood/alignment_SalmonTE/no040-0_M_o_5_blood_1 contains double '/'. This is likely unintended. It can also lead to inconsistent results of the file-matching approach used by Snakemake.
File path ../../results/rna_seq//blood/alignment_SalmonTE/no032-0_M_y_2_blood_1 contains double '/'. This is likely unintended. It can also lead to inconsistent results of the file-matching approach used by Snakemake.
File path ../../results/rna_seq//blood/alignment_SalmonTE/no038-0_M_o_3_blood_1 contains double '/'. This is likely unintended. It can also lead to inconsistent results of the file-matching approach used by Snakemake.
File path ../../results/rna_seq//blood/alignment_SalmonTE/MAPPING_INFO.csv contains double '/'. This is likely unintended. It can also lead to inconsistent results of the file-matching approach used by Snakemake.
File path ../../results/rna_seq//blood/alignment_SalmonTE/MAPPING_INFO.csv contains double '/'. This is likely unintended. It can also lead to inconsistent results of the file-matching approach used by Snakemake.
File path ../../results/rna_seq//blood/alignment_SalmonTE/MAPPING_INFO.csv contains double '/'. This is likely unintended. It can also lead to inconsistent results of the file-matching approach used by Snakemake.
File path ../../results/rna_seq//blood/alignment_SalmonTE/EXPR.csv contains double '/'. This is likely unintended. It can also lead to inconsistent results of the file-matching approach used by Snakemake.
File path ../../results/rna_seq//blood/alignment_SalmonTE/no035-0_M_y_5_blood_1 contains double '/'. This is likely unintended. It can also lead to inconsistent results of the file-matching approach used by Snakemake.
File path ../../results/rna_seq//blood/alignment_SalmonTE/no039-0_M_o_4_blood_1 contains double '/'. This is likely unintended. It can also lead to inconsistent results of the file-matching approach used by Snakemake.
File path ../../results/rna_seq//blood/alignment_SalmonTE/no036-0_M_o_1_blood_1 contains double '/'. This is likely unintended. It can also lead to inconsistent results of the file-matching approach used by Snakemake.
File path ../../results/rna_seq//blood/alignment_SalmonTE/no034-0_M_y_4_blood_1 contains double '/'. This is likely unintended. It can also lead to inconsistent results of the file-matching approach used by Snakemake.
File path ../../results/rna_seq//blood/alignment_SalmonTE/no033-0_M_y_3_blood_1 contains double '/'. This is likely unintended. It can also lead to inconsistent results of the file-matching approach used by Snakemake.
File path ../../results/rna_seq//blood/alignment_SalmonTE/no037-0_M_o_2_blood_1 contains double '/'. This is likely unintended. It can also lead to inconsistent results of the file-matching approach used by Snakemake.
File path ../../results/rna_seq//blood/alignment_SalmonTE/no040-0_M_o_5_blood_1 contains double '/'. This is likely unintended. It can also lead to inconsistent results of the file-matching approach used by Snakemake.
File path ../../results/rna_seq//blood/alignment_SalmonTE/no032-0_M_y_2_blood_1 contains double '/'. This is likely unintended. It can also lead to inconsistent results of the file-matching approach used by Snakemake.
File path ../../results/rna_seq//blood/alignment_SalmonTE/no038-0_M_o_3_blood_1 contains double '/'. This is likely unintended. It can also lead to inconsistent results of the file-matching approach used by Snakemake.
File path ../../results/rna_seq//blood/alignment_SalmonTE/EXPR.csv contains double '/'. This is likely unintended. It can also lead to inconsistent results of the file-matching approach used by Snakemake.
File path ../../results/rna_seq//blood/alignment_SalmonTE/EXPR.csv contains double '/'. This is likely unintended. It can also lead to inconsistent results of the file-matching approach used by Snakemake.
File path ../../results/rna_seq//blood/alignment_SalmonTE/no037-0_M_o_2_blood_1 contains double '/'. This is likely unintended. It can also lead to inconsistent results of the file-matching approach used by Snakemake.
File path ../../results/rna_seq//blood/alignment_SalmonTE/no037-0_M_o_2_blood_1 contains double '/'. This is likely unintended. It can also lead to inconsistent results of the file-matching approach used by Snakemake.
File path ../../results/rna_seq//blood/alignment_SalmonTE/no039-0_M_o_4_blood_1 contains double '/'. This is likely unintended. It can also lead to inconsistent results of the file-matching approach used by Snakemake.
File path ../../results/rna_seq//blood/alignment_SalmonTE/no039-0_M_o_4_blood_1 contains double '/'. This is likely unintended. It can also lead to inconsistent results of the file-matching approach used by Snakemake.
File path ../../results/rna_seq//blood/alignment_SalmonTE/no036-0_M_o_1_blood_1 contains double '/'. This is likely unintended. It can also lead to inconsistent results of the file-matching approach used by Snakemake.
File path ../../results/rna_seq//blood/alignment_SalmonTE/no036-0_M_o_1_blood_1 contains double '/'. This is likely unintended. It can also lead to inconsistent results of the file-matching approach used by Snakemake.
File path ../../results/rna_seq//blood/alignment_SalmonTE/no040-0_M_o_5_blood_1 contains double '/'. This is likely unintended. It can also lead to inconsistent results of the file-matching approach used by Snakemake.
File path ../../results/rna_seq//blood/alignment_SalmonTE/no040-0_M_o_5_blood_1 contains double '/'. This is likely unintended. It can also lead to inconsistent results of the file-matching approach used by Snakemake.
File path ../../results/rna_seq//blood/alignment_SalmonTE/no035-0_M_y_5_blood_1 contains double '/'. This is likely unintended. It can also lead to inconsistent results of the file-matching approach used by Snakemake.
File path ../../results/rna_seq//blood/alignment_SalmonTE/no035-0_M_y_5_blood_1 contains double '/'. This is likely unintended. It can also lead to inconsistent results of the file-matching approach used by Snakemake.
File path ../../results/rna_seq//blood/alignment_SalmonTE/no033-0_M_y_3_blood_1 contains double '/'. This is likely unintended. It can also lead to inconsistent results of the file-matching approach used by Snakemake.
File path ../../results/rna_seq//blood/alignment_SalmonTE/no033-0_M_y_3_blood_1 contains double '/'. This is likely unintended. It can also lead to inconsistent results of the file-matching approach used by Snakemake.
File path ../../results/rna_seq//blood/alignment_SalmonTE/no038-0_M_o_3_blood_1 contains double '/'. This is likely unintended. It can also lead to inconsistent results of the file-matching approach used by Snakemake.
File path ../../results/rna_seq//blood/alignment_SalmonTE/no038-0_M_o_3_blood_1 contains double '/'. This is likely unintended. It can also lead to inconsistent results of the file-matching approach used by Snakemake.
File path ../../results/rna_seq//blood/alignment_SalmonTE/no034-0_M_y_4_blood_1 contains double '/'. This is likely unintended. It can also lead to inconsistent results of the file-matching approach used by Snakemake.
File path ../../results/rna_seq//blood/alignment_SalmonTE/no034-0_M_y_4_blood_1 contains double '/'. This is likely unintended. It can also lead to inconsistent results of the file-matching approach used by Snakemake.
File path ../../results/rna_seq//blood/alignment_SalmonTE/no032-0_M_y_2_blood_1 contains double '/'. This is likely unintended. It can also lead to inconsistent results of the file-matching approach used by Snakemake.
File path ../../results/rna_seq//blood/alignment_SalmonTE/no032-0_M_y_2_blood_1 contains double '/'. This is likely unintended. It can also lead to inconsistent results of the file-matching approach used by Snakemake.
Job counts:
	count	jobs
	1	all
	1	collect_abundance
	1	collect_mappability
	9	run_salmon_gz
	12
/misc/paras/data/rschwarz/programs/SalmonTE/salmon/linux/bin/salmon quant -q -i /misc/paras/data/rschwarz/programs/SalmonTE/reference/mm10.TE.transcriptome.v102 -l A -1 /data/tmp/tmp2j9__b8n/no039-0_M_o_4_blood_1_R1.fastq.gz -2 /data/tmp/tmp2j9__b8n/no039-0_M_o_4_blood_1_R2.fastq.gz -o ../../results/rna_seq//blood/alignment_SalmonTE/no039-0_M_o_4_blood_1 -p 56 2>/dev/null
/misc/paras/data/rschwarz/programs/SalmonTE/salmon/linux/bin/salmon quant -q -i /misc/paras/data/rschwarz/programs/SalmonTE/reference/mm10.TE.transcriptome.v102 -l A -1 /data/tmp/tmp2j9__b8n/no040-0_M_o_5_blood_1_R1.fastq.gz -2 /data/tmp/tmp2j9__b8n/no040-0_M_o_5_blood_1_R2.fastq.gz -o ../../results/rna_seq//blood/alignment_SalmonTE/no040-0_M_o_5_blood_1 -p 56 2>/dev/null
/misc/paras/data/rschwarz/programs/SalmonTE/salmon/linux/bin/salmon quant -q -i /misc/paras/data/rschwarz/programs/SalmonTE/reference/mm10.TE.transcriptome.v102 -l A -1 /data/tmp/tmp2j9__b8n/no034-0_M_y_4_blood_1_R1.fastq.gz -2 /data/tmp/tmp2j9__b8n/no034-0_M_y_4_blood_1_R2.fastq.gz -o ../../results/rna_seq//blood/alignment_SalmonTE/no034-0_M_y_4_blood_1 -p 56 2>/dev/null
/misc/paras/data/rschwarz/programs/SalmonTE/salmon/linux/bin/salmon quant -q -i /misc/paras/data/rschwarz/programs/SalmonTE/reference/mm10.TE.transcriptome.v102 -l A -1 /data/tmp/tmp2j9__b8n/no033-0_M_y_3_blood_1_R1.fastq.gz -2 /data/tmp/tmp2j9__b8n/no033-0_M_y_3_blood_1_R2.fastq.gz -o ../../results/rna_seq//blood/alignment_SalmonTE/no033-0_M_y_3_blood_1 -p 56 2>/dev/null
/misc/paras/data/rschwarz/programs/SalmonTE/salmon/linux/bin/salmon quant -q -i /misc/paras/data/rschwarz/programs/SalmonTE/reference/mm10.TE.transcriptome.v102 -l A -1 /data/tmp/tmp2j9__b8n/no036-0_M_o_1_blood_1_R1.fastq.gz -2 /data/tmp/tmp2j9__b8n/no036-0_M_o_1_blood_1_R2.fastq.gz -o ../../results/rna_seq//blood/alignment_SalmonTE/no036-0_M_o_1_blood_1 -p 56 2>/dev/null
/misc/paras/data/rschwarz/programs/SalmonTE/salmon/linux/bin/salmon quant -q -i /misc/paras/data/rschwarz/programs/SalmonTE/reference/mm10.TE.transcriptome.v102 -l A -1 /data/tmp/tmp2j9__b8n/no032-0_M_y_2_blood_1_R1.fastq.gz -2 /data/tmp/tmp2j9__b8n/no032-0_M_y_2_blood_1_R2.fastq.gz -o ../../results/rna_seq//blood/alignment_SalmonTE/no032-0_M_y_2_blood_1 -p 56 2>/dev/null
/misc/paras/data/rschwarz/programs/SalmonTE/salmon/linux/bin/salmon quant -q -i /misc/paras/data/rschwarz/programs/SalmonTE/reference/mm10.TE.transcriptome.v102 -l A -1 /data/tmp/tmp2j9__b8n/no037-0_M_o_2_blood_1_R1.fastq.gz -2 /data/tmp/tmp2j9__b8n/no037-0_M_o_2_blood_1_R2.fastq.gz -o ../../results/rna_seq//blood/alignment_SalmonTE/no037-0_M_o_2_blood_1 -p 56 2>/dev/null
/misc/paras/data/rschwarz/programs/SalmonTE/salmon/linux/bin/salmon quant -q -i /misc/paras/data/rschwarz/programs/SalmonTE/reference/mm10.TE.transcriptome.v102 -l A -1 /data/tmp/tmp2j9__b8n/no035-0_M_y_5_blood_1_R1.fastq.gz -2 /data/tmp/tmp2j9__b8n/no035-0_M_y_5_blood_1_R2.fastq.gz -o ../../results/rna_seq//blood/alignment_SalmonTE/no035-0_M_y_5_blood_1 -p 56 2>/dev/null
/misc/paras/data/rschwarz/programs/SalmonTE/salmon/linux/bin/salmon quant -q -i /misc/paras/data/rschwarz/programs/SalmonTE/reference/mm10.TE.transcriptome.v102 -l A -1 /data/tmp/tmp2j9__b8n/no038-0_M_o_3_blood_1_R1.fastq.gz -2 /data/tmp/tmp2j9__b8n/no038-0_M_o_3_blood_1_R2.fastq.gz -o ../../results/rna_seq//blood/alignment_SalmonTE/no038-0_M_o_3_blood_1 -p 56 2>/dev/null
Exiting because a job execution failed. Look above for error message
